{"/Users/m1pro/IdeaProjects/story/backend/src/validators/project.js": {"path":"/Users/m1pro/IdeaProjects/story/backend/src/validators/project.js","statementMap":{"0":{"start":{"line":3,"column":20},"end":{"line":9,"column":2}},"1":{"start":{"line":11,"column":35},"end":{"line":14,"column":2}},"2":{"start":{"line":16,"column":35},"end":{"line":23,"column":4}},"3":{"start":{"line":21,"column":17},"end":{"line":21,"column":71}}},"fnMap":{"0":{"name":"(anonymous_0)","decl":{"start":{"line":21,"column":10},"end":{"line":21,"column":11}},"loc":{"start":{"line":21,"column":17},"end":{"line":21,"column":71}},"line":21}},"branchMap":{"0":{"loc":{"start":{"line":21,"column":17},"end":{"line":21,"column":71}},"type":"binary-expr","locations":[{"start":{"line":21,"column":17},"end":{"line":21,"column":38}},{"start":{"line":21,"column":42},"end":{"line":21,"column":71}}],"line":21}},"s":{"0":1,"1":1,"2":1,"3":1},"f":{"0":1},"b":{"0":[1,1]},"inputSourceMap":null,"_coverageSchema":"1a1c01bbd47fc00a2c39e90264f33305004495a9","hash":"3a416b22faaa6b306a6e64155a961207d83dbc4f"}
}
